Using pre-set license
Built from '2021.3/staging' branch; Version is '2021.3.11f1 (0a5ca18544bf) revision 679073'; Using compiler version '192829333'; Build Type 'Release'
OS: 'Windows 11  (10.0.22621) 64bit Core' Language: 'en' Physical Memory: 32495 MB
BatchMode: 1, IsHumanControllingUs: 0, StartBugReporterOnCrash: 0, Is64bit: 1, IsPro: 1

COMMAND LINE ARGUMENTS:
C:\Program Files\Unity\Hub\Editor\2021.3.11f1\Editor\Unity.exe
-adb2
-batchMode
-noUpm
-name
AssetImportWorker2
-projectPath
C:/Users/caozi/Realtime Simulations For Fun
-logFile
Logs/AssetImportWorker2.log
-srvPort
49825
Successfully changed project path to: C:/Users/caozi/Realtime Simulations For Fun
C:/Users/caozi/Realtime Simulations For Fun
[UnityMemory] Configuration Parameters - Can be set up in boot.config
    "memorysetup-bucket-allocator-granularity=16"
    "memorysetup-bucket-allocator-bucket-count=8"
    "memorysetup-bucket-allocator-block-size=33554432"
    "memorysetup-bucket-allocator-block-count=8"
    "memorysetup-main-allocator-block-size=16777216"
    "memorysetup-thread-allocator-block-size=16777216"
    "memorysetup-gfx-main-allocator-block-size=16777216"
    "memorysetup-gfx-thread-allocator-block-size=16777216"
    "memorysetup-cache-allocator-block-size=4194304"
    "memorysetup-typetree-allocator-block-size=2097152"
    "memorysetup-profiler-bucket-allocator-granularity=16"
    "memorysetup-profiler-bucket-allocator-bucket-count=8"
    "memorysetup-profiler-bucket-allocator-block-size=33554432"
    "memorysetup-profiler-bucket-allocator-block-count=8"
    "memorysetup-profiler-allocator-block-size=16777216"
    "memorysetup-profiler-editor-allocator-block-size=1048576"
    "memorysetup-temp-allocator-size-main=16777216"
    "memorysetup-job-temp-allocator-block-size=2097152"
    "memorysetup-job-temp-allocator-block-size-background=1048576"
    "memorysetup-job-temp-allocator-reduction-small-platforms=262144"
    "memorysetup-temp-allocator-size-background-worker=32768"
    "memorysetup-temp-allocator-size-job-worker=262144"
    "memorysetup-temp-allocator-size-preload-manager=33554432"
    "memorysetup-temp-allocator-size-nav-mesh-worker=65536"
    "memorysetup-temp-allocator-size-audio-worker=65536"
    "memorysetup-temp-allocator-size-cloud-worker=32768"
    "memorysetup-temp-allocator-size-gi-baking-worker=262144"
    "memorysetup-temp-allocator-size-gfx=262144"
Refreshing native plugins compatible for Editor in 45.73 ms, found 3 plugins.
Preloading 0 native plugins for Editor in 0.00 ms.
Initialize engine version: 2021.3.11f1 (0a5ca18544bf)
[Subsystems] Discovering subsystems at path C:/Program Files/Unity/Hub/Editor/2021.3.11f1/Editor/Data/Resources/UnitySubsystems
[Subsystems] Discovering subsystems at path C:/Users/caozi/Realtime Simulations For Fun/Assets
GfxDevice: creating device client; threaded=0; jobified=0
Direct3D:
    Version:  Direct3D 11.0 [level 11.1]
    Renderer: NVIDIA GeForce RTX 3090 Ti (ID=0x2203)
    Vendor:   NVIDIA
    VRAM:     24336 MB
    Driver:   31.0.15.1748
Initialize mono
Mono path[0] = 'C:/Program Files/Unity/Hub/Editor/2021.3.11f1/Editor/Data/Managed'
Mono path[1] = 'C:/Program Files/Unity/Hub/Editor/2021.3.11f1/Editor/Data/MonoBleedingEdge/lib/mono/unityjit-win32'
Mono config path = 'C:/Program Files/Unity/Hub/Editor/2021.3.11f1/Editor/Data/MonoBleedingEdge/etc'
Using monoOptions --debugger-agent=transport=dt_socket,embedding=1,server=y,suspend=n,address=127.0.0.1:56860
Begin MonoManager ReloadAssembly
Registering precompiled unity dll's ...
Register platform support module: C:/Program Files/Unity/Hub/Editor/2021.3.11f1/Editor/Data/PlaybackEngines/WebGLSupport/UnityEditor.WebGL.Extensions.dll
Register platform support module: C:/Program Files/Unity/Hub/Editor/2021.3.11f1/Editor/Data/PlaybackEngines/WindowsStandaloneSupport/UnityEditor.WindowsStandalone.Extensions.dll
Registered in 0.002339 seconds.
Native extension for WindowsStandalone target not found
Native extension for WebGL target not found
Refreshing native plugins compatible for Editor in 44.71 ms, found 3 plugins.
Preloading 0 native plugins for Editor in 0.00 ms.
Mono: successfully reloaded assembly
- Completed reload, in  0.320 seconds
Domain Reload Profiling:
	ReloadAssembly (320ms)
		BeginReloadAssembly (35ms)
			ExecutionOrderSort (0ms)
			DisableScriptedObjects (0ms)
			BackupInstance (0ms)
			ReleaseScriptingObjects (0ms)
			CreateAndSetChildDomain (0ms)
		EndReloadAssembly (230ms)
			LoadAssemblies (34ms)
			RebuildTransferFunctionScriptingTraits (0ms)
			SetupTypeCache (51ms)
			ReleaseScriptCaches (0ms)
			RebuildScriptCaches (13ms)
			SetupLoadedEditorAssemblies (140ms)
				LogAssemblyErrors (0ms)
				InitializePlatformSupportModulesInManaged (4ms)
				SetLoadedEditorAssemblies (0ms)
				RefreshPlugins (45ms)
				BeforeProcessingInitializeOnLoad (1ms)
				ProcessInitializeOnLoadAttributes (69ms)
				ProcessInitializeOnLoadMethodAttributes (22ms)
				AfterProcessingInitializeOnLoad (0ms)
				EditorAssembliesLoaded (0ms)
			ExecutionOrderSort2 (0ms)
			AwakeInstancesAfterBackupRestoration (0ms)
Platform modules already initialized, skipping
Registering precompiled user dll's ...
Registered in 0.002314 seconds.
Begin MonoManager ReloadAssembly
Symbol file LoadedFromMemory doesn't match image C:\Users\caozi\Realtime Simulations For Fun\Library\PackageCache\com.unity.visualscripting@1.7.8\Editor\VisualScripting.Core\Dependencies\YamlDotNet\Unity.VisualScripting.YamlDotNet.dll
Symbol file LoadedFromMemory doesn't match image C:\Users\caozi\Realtime Simulations For Fun\Library\PackageCache\com.unity.visualscripting@1.7.8\Editor\VisualScripting.Core\Dependencies\DotNetZip\Unity.VisualScripting.IonicZip.dll
Native extension for WindowsStandalone target not found
Native extension for WebGL target not found
Refreshing native plugins compatible for Editor in 0.48 ms, found 3 plugins.
Preloading 0 native plugins for Editor in 0.00 ms.
Mono: successfully reloaded assembly
- Completed reload, in  0.488 seconds
Domain Reload Profiling:
	ReloadAssembly (488ms)
		BeginReloadAssembly (52ms)
			ExecutionOrderSort (0ms)
			DisableScriptedObjects (3ms)
			BackupInstance (0ms)
			ReleaseScriptingObjects (0ms)
			CreateAndSetChildDomain (11ms)
		EndReloadAssembly (383ms)
			LoadAssemblies (35ms)
			RebuildTransferFunctionScriptingTraits (0ms)
			SetupTypeCache (120ms)
			ReleaseScriptCaches (0ms)
			RebuildScriptCaches (24ms)
			SetupLoadedEditorAssemblies (182ms)
				LogAssemblyErrors (0ms)
				InitializePlatformSupportModulesInManaged (3ms)
				SetLoadedEditorAssemblies (0ms)
				RefreshPlugins (1ms)
				BeforeProcessingInitializeOnLoad (46ms)
				ProcessInitializeOnLoadAttributes (117ms)
				ProcessInitializeOnLoadMethodAttributes (13ms)
				AfterProcessingInitializeOnLoad (3ms)
				EditorAssembliesLoaded (0ms)
			ExecutionOrderSort2 (0ms)
			AwakeInstancesAfterBackupRestoration (3ms)
Platform modules already initialized, skipping
========================================================================
Worker process is ready to serve import requests
Launched and connected shader compiler UnityShaderCompiler.exe after 0.02 seconds
Refreshing native plugins compatible for Editor in 0.78 ms, found 3 plugins.
Preloading 0 native plugins for Editor in 0.00 ms.
Unloading 3693 Unused Serialized files (Serialized files now loaded: 0)
Unloading 39 unused Assets / (1.3 MB). Loaded Objects now: 4139.
Memory consumption went from 148.7 MB to 147.4 MB.
Total: 2.461900 ms (FindLiveObjects: 0.214700 ms CreateObjectMapping: 0.065500 ms MarkObjects: 1.957300 ms  DeleteObjects: 0.223900 ms)

AssetImportParameters requested are different than current active one (requested -> active):
  custom:video-decoder-ogg-theora: a1e56fd34408186e4bbccfd4996cb3dc -> 
  custom:container-muxer-webm: aa71ff27fc2769a1b78a27578f13a17b -> 
  custom:container-demuxer-webm: 4f35f7cbe854078d1ac9338744f61a02 -> 
  custom:video-encoder-webm-vp8: eb34c28f22e8b96e1ab97ce403110664 -> 
  custom:video-codec-MediaFoundation-h265: 746d11721c4dcdbdad8f713fa42b33f4 -> 
  custom:audio-encoder-webm-vorbis: bf7c407c2cedff20999df2af8eb42d56 -> 
  custom:framework-win-MediaFoundation: 216162199b28c13a410421893ffa2e32 -> 
  custom:container-demuxer-ogg: 62fdf1f143b41e24485cea50d1cbac27 -> 
  custom:video-decoder-webm-vp8: 9c59270c3fd7afecdb556c50c9e8de78 -> 
  custom:audio-decoder-ogg-vorbis: bf7c407c2cedff20999df2af8eb42d56 -> 
========================================================================
Received Import Request.
  Time since last request: 8719.969251 seconds.
  path: Assets/Prefabs/Screen.prefab
  artifactKey: Guid(b921c97ee041c9f4bb124c8ec6e0b5c3) Importer(815301076,1909f56bfc062723c751e8b465ee728b)
Start importing Assets/Prefabs/Screen.prefab using Guid(b921c97ee041c9f4bb124c8ec6e0b5c3) Importer(815301076,1909f56bfc062723c751e8b465ee728b)  -> (artifact id: 'a6df186197d42b2c5933ef6a37ef14e4') in 0.032278 seconds 
========================================================================
Received Import Request.
  Time since last request: 0.385377 seconds.
  path: Assets/Prefabs/Screen.prefab
  artifactKey: Guid(b921c97ee041c9f4bb124c8ec6e0b5c3) Importer(815301076,1909f56bfc062723c751e8b465ee728b)
Start importing Assets/Prefabs/Screen.prefab using Guid(b921c97ee041c9f4bb124c8ec6e0b5c3) Importer(815301076,1909f56bfc062723c751e8b465ee728b)  -> (artifact id: '28dba3b8ed8b755744079355ca524b57') in 0.003626 seconds 
========================================================================
Received Import Request.
  Time since last request: 2.210566 seconds.
  path: Assets/Prefabs/Screen.prefab
  artifactKey: Guid(b921c97ee041c9f4bb124c8ec6e0b5c3) Importer(815301076,1909f56bfc062723c751e8b465ee728b)
Start importing Assets/Prefabs/Screen.prefab using Guid(b921c97ee041c9f4bb124c8ec6e0b5c3) Importer(815301076,1909f56bfc062723c751e8b465ee728b)  -> (artifact id: '3f544842e2e2a4a8be93cf385a30354e') in 0.002834 seconds 
========================================================================
Received Import Request.
  Time since last request: 9.275677 seconds.
  path: Assets/Prefabs/Screen.prefab
  artifactKey: Guid(b921c97ee041c9f4bb124c8ec6e0b5c3) Importer(815301076,1909f56bfc062723c751e8b465ee728b)
Start importing Assets/Prefabs/Screen.prefab using Guid(b921c97ee041c9f4bb124c8ec6e0b5c3) Importer(815301076,1909f56bfc062723c751e8b465ee728b)  -> (artifact id: '1d13421a67e8df375e85f8e0c7820118') in 0.002717 seconds 
========================================================================
Received Import Request.
  Time since last request: 0.811947 seconds.
  path: Assets/Prefabs/Screen.prefab
  artifactKey: Guid(b921c97ee041c9f4bb124c8ec6e0b5c3) Importer(815301076,1909f56bfc062723c751e8b465ee728b)
Start importing Assets/Prefabs/Screen.prefab using Guid(b921c97ee041c9f4bb124c8ec6e0b5c3) Importer(815301076,1909f56bfc062723c751e8b465ee728b)  -> (artifact id: 'f81f0725b9b4a7408d1326110f316ed6') in 0.002702 seconds 
========================================================================
Received Import Request.
  Time since last request: 0.791563 seconds.
  path: Assets/Prefabs/Screen.prefab
  artifactKey: Guid(b921c97ee041c9f4bb124c8ec6e0b5c3) Importer(815301076,1909f56bfc062723c751e8b465ee728b)
Start importing Assets/Prefabs/Screen.prefab using Guid(b921c97ee041c9f4bb124c8ec6e0b5c3) Importer(815301076,1909f56bfc062723c751e8b465ee728b)  -> (artifact id: 'e50122aa19b786165172c8c56e115b43') in 0.002641 seconds 
========================================================================
Received Import Request.
  Time since last request: 0.810395 seconds.
  path: Assets/Prefabs/Screen.prefab
  artifactKey: Guid(b921c97ee041c9f4bb124c8ec6e0b5c3) Importer(815301076,1909f56bfc062723c751e8b465ee728b)
Start importing Assets/Prefabs/Screen.prefab using Guid(b921c97ee041c9f4bb124c8ec6e0b5c3) Importer(815301076,1909f56bfc062723c751e8b465ee728b)  -> (artifact id: 'a0a5a8a9f18c9138c5059d78a4de0fca') in 0.002896 seconds 
========================================================================
Received Import Request.
  Time since last request: 0.801123 seconds.
  path: Assets/Prefabs/Screen.prefab
  artifactKey: Guid(b921c97ee041c9f4bb124c8ec6e0b5c3) Importer(815301076,1909f56bfc062723c751e8b465ee728b)
Start importing Assets/Prefabs/Screen.prefab using Guid(b921c97ee041c9f4bb124c8ec6e0b5c3) Importer(815301076,1909f56bfc062723c751e8b465ee728b)  -> (artifact id: '5fc2e57404ba4767f473640014ed690e') in 0.002779 seconds 
========================================================================
Received Import Request.
  Time since last request: 4.636802 seconds.
  path: Assets/Prefabs/Screen.prefab
  artifactKey: Guid(b921c97ee041c9f4bb124c8ec6e0b5c3) Importer(815301076,1909f56bfc062723c751e8b465ee728b)
Start importing Assets/Prefabs/Screen.prefab using Guid(b921c97ee041c9f4bb124c8ec6e0b5c3) Importer(815301076,1909f56bfc062723c751e8b465ee728b)  -> (artifact id: 'b075e948754de8b734c721213ad4dc8c') in 0.002680 seconds 
========================================================================
Received Import Request.
  Time since last request: 0.801805 seconds.
  path: Assets/Prefabs/Screen.prefab
  artifactKey: Guid(b921c97ee041c9f4bb124c8ec6e0b5c3) Importer(815301076,1909f56bfc062723c751e8b465ee728b)
Start importing Assets/Prefabs/Screen.prefab using Guid(b921c97ee041c9f4bb124c8ec6e0b5c3) Importer(815301076,1909f56bfc062723c751e8b465ee728b)  -> (artifact id: 'af7f8583413087cc2755f581af59c28d') in 0.002668 seconds 
========================================================================
Received Import Request.
  Time since last request: 0.998091 seconds.
  path: Assets/Prefabs/Screen.prefab
  artifactKey: Guid(b921c97ee041c9f4bb124c8ec6e0b5c3) Importer(815301076,1909f56bfc062723c751e8b465ee728b)
Start importing Assets/Prefabs/Screen.prefab using Guid(b921c97ee041c9f4bb124c8ec6e0b5c3) Importer(815301076,1909f56bfc062723c751e8b465ee728b)  -> (artifact id: '6705f9da1ea1e0f946bb25b0dee73639') in 0.002777 seconds 
========================================================================
Received Import Request.
  Time since last request: 1.007783 seconds.
  path: Assets/Prefabs/Screen.prefab
  artifactKey: Guid(b921c97ee041c9f4bb124c8ec6e0b5c3) Importer(815301076,1909f56bfc062723c751e8b465ee728b)
Start importing Assets/Prefabs/Screen.prefab using Guid(b921c97ee041c9f4bb124c8ec6e0b5c3) Importer(815301076,1909f56bfc062723c751e8b465ee728b)  -> (artifact id: 'd382ae5bef804f11fb73f40ea11d1e2f') in 0.002787 seconds 
========================================================================
Received Import Request.
  Time since last request: 0.591725 seconds.
  path: Assets/Prefabs/Screen.prefab
  artifactKey: Guid(b921c97ee041c9f4bb124c8ec6e0b5c3) Importer(815301076,1909f56bfc062723c751e8b465ee728b)
Start importing Assets/Prefabs/Screen.prefab using Guid(b921c97ee041c9f4bb124c8ec6e0b5c3) Importer(815301076,1909f56bfc062723c751e8b465ee728b)  -> (artifact id: 'c6f8828c68a225265bc9dd7aab6d36e3') in 0.002718 seconds 
========================================================================
Received Import Request.
  Time since last request: 0.598854 seconds.
  path: Assets/Prefabs/Screen.prefab
  artifactKey: Guid(b921c97ee041c9f4bb124c8ec6e0b5c3) Importer(815301076,1909f56bfc062723c751e8b465ee728b)
Start importing Assets/Prefabs/Screen.prefab using Guid(b921c97ee041c9f4bb124c8ec6e0b5c3) Importer(815301076,1909f56bfc062723c751e8b465ee728b)  -> (artifact id: '6a03472dacf9208db4271ec0bb55f651') in 0.002849 seconds 
========================================================================
Received Import Request.
  Time since last request: 2.629305 seconds.
  path: Assets/Prefabs/Screen.prefab
  artifactKey: Guid(b921c97ee041c9f4bb124c8ec6e0b5c3) Importer(815301076,1909f56bfc062723c751e8b465ee728b)
Start importing Assets/Prefabs/Screen.prefab using Guid(b921c97ee041c9f4bb124c8ec6e0b5c3) Importer(815301076,1909f56bfc062723c751e8b465ee728b)  -> (artifact id: '85b461b0e612bf1d743a969bb8d5d06e') in 0.002669 seconds 
========================================================================
Received Import Request.
  Time since last request: 18.171258 seconds.
  path: Assets/Prefabs/Screen.prefab
  artifactKey: Guid(b921c97ee041c9f4bb124c8ec6e0b5c3) Importer(815301076,1909f56bfc062723c751e8b465ee728b)
Start importing Assets/Prefabs/Screen.prefab using Guid(b921c97ee041c9f4bb124c8ec6e0b5c3) Importer(815301076,1909f56bfc062723c751e8b465ee728b)  -> (artifact id: '4605f86025d8a191af17f3b5d696f75d') in 0.021111 seconds 
========================================================================
Received Import Request.
  Time since last request: 21.903813 seconds.
  path: Assets/Prefabs/Screen.prefab
  artifactKey: Guid(b921c97ee041c9f4bb124c8ec6e0b5c3) Importer(815301076,1909f56bfc062723c751e8b465ee728b)
Start importing Assets/Prefabs/Screen.prefab using Guid(b921c97ee041c9f4bb124c8ec6e0b5c3) Importer(815301076,1909f56bfc062723c751e8b465ee728b)  -> (artifact id: '9272f5d8f520170295a26f6a76ab2319') in 0.012202 seconds 
========================================================================
Received Import Request.
  Time since last request: 7.333783 seconds.
  path: Assets/Prefabs/Screen.prefab
  artifactKey: Guid(b921c97ee041c9f4bb124c8ec6e0b5c3) Importer(815301076,1909f56bfc062723c751e8b465ee728b)
Start importing Assets/Prefabs/Screen.prefab using Guid(b921c97ee041c9f4bb124c8ec6e0b5c3) Importer(815301076,1909f56bfc062723c751e8b465ee728b)  -> (artifact id: '8e7a0b2ded8f5e382fb9a0d7fe10aa72') in 0.011611 seconds 
========================================================================
Received Import Request.
  Time since last request: 2.808982 seconds.
  path: Assets/Prefabs/Screen.prefab
  artifactKey: Guid(b921c97ee041c9f4bb124c8ec6e0b5c3) Importer(815301076,1909f56bfc062723c751e8b465ee728b)
Start importing Assets/Prefabs/Screen.prefab using Guid(b921c97ee041c9f4bb124c8ec6e0b5c3) Importer(815301076,1909f56bfc062723c751e8b465ee728b)  -> (artifact id: '7a44121df5ed6dfca47b7f8e113cdaaa') in 0.010932 seconds 
========================================================================
Received Import Request.
  Time since last request: 12.375947 seconds.
  path: Assets/Prefabs/Screen.prefab
  artifactKey: Guid(b921c97ee041c9f4bb124c8ec6e0b5c3) Importer(815301076,1909f56bfc062723c751e8b465ee728b)
Start importing Assets/Prefabs/Screen.prefab using Guid(b921c97ee041c9f4bb124c8ec6e0b5c3) Importer(815301076,1909f56bfc062723c751e8b465ee728b)  -> (artifact id: 'f7dbb3ba1aabbf1e780a9dff61ba99c2') in 0.010998 seconds 
========================================================================
Received Import Request.
  Time since last request: 5.060395 seconds.
  path: Assets/Prefabs/Screen.prefab
  artifactKey: Guid(b921c97ee041c9f4bb124c8ec6e0b5c3) Importer(815301076,1909f56bfc062723c751e8b465ee728b)
Start importing Assets/Prefabs/Screen.prefab using Guid(b921c97ee041c9f4bb124c8ec6e0b5c3) Importer(815301076,1909f56bfc062723c751e8b465ee728b)  -> (artifact id: 'c4f2653700ec3408b9f83a3cf5d47425') in 0.010850 seconds 
========================================================================
Received Import Request.
  Time since last request: 2.813384 seconds.
  path: Assets/Prefabs/Screen.prefab
  artifactKey: Guid(b921c97ee041c9f4bb124c8ec6e0b5c3) Importer(815301076,1909f56bfc062723c751e8b465ee728b)
Start importing Assets/Prefabs/Screen.prefab using Guid(b921c97ee041c9f4bb124c8ec6e0b5c3) Importer(815301076,1909f56bfc062723c751e8b465ee728b)  -> (artifact id: '5b35bcaa6d0e09d7b1a771cbcfdd67a6') in 0.013196 seconds 
========================================================================
Received Import Request.
  Time since last request: 9.111000 seconds.
  path: Assets/Prefabs/Screen.prefab
  artifactKey: Guid(b921c97ee041c9f4bb124c8ec6e0b5c3) Importer(815301076,1909f56bfc062723c751e8b465ee728b)
Start importing Assets/Prefabs/Screen.prefab using Guid(b921c97ee041c9f4bb124c8ec6e0b5c3) Importer(815301076,1909f56bfc062723c751e8b465ee728b)  -> (artifact id: '03e14ea240ba387d87344c36b433e122') in 0.011009 seconds 
========================================================================
Received Import Request.
  Time since last request: 4.618588 seconds.
  path: Assets/Prefabs/Screen.prefab
  artifactKey: Guid(b921c97ee041c9f4bb124c8ec6e0b5c3) Importer(815301076,1909f56bfc062723c751e8b465ee728b)
Start importing Assets/Prefabs/Screen.prefab using Guid(b921c97ee041c9f4bb124c8ec6e0b5c3) Importer(815301076,1909f56bfc062723c751e8b465ee728b)  -> (artifact id: '507250d70f93d87f048d096e1d84fda5') in 0.011808 seconds 
========================================================================
Received Import Request.
  Time since last request: 5.010556 seconds.
  path: Assets/Prefabs/Screen.prefab
  artifactKey: Guid(b921c97ee041c9f4bb124c8ec6e0b5c3) Importer(815301076,1909f56bfc062723c751e8b465ee728b)
Start importing Assets/Prefabs/Screen.prefab using Guid(b921c97ee041c9f4bb124c8ec6e0b5c3) Importer(815301076,1909f56bfc062723c751e8b465ee728b)  -> (artifact id: '35b9ce35b4bc5228a2b1915e9cac63f3') in 0.011156 seconds 
========================================================================
Received Import Request.
  Time since last request: 9.176679 seconds.
  path: Assets/Prefabs/Screen.prefab
  artifactKey: Guid(b921c97ee041c9f4bb124c8ec6e0b5c3) Importer(815301076,1909f56bfc062723c751e8b465ee728b)
Start importing Assets/Prefabs/Screen.prefab using Guid(b921c97ee041c9f4bb124c8ec6e0b5c3) Importer(815301076,1909f56bfc062723c751e8b465ee728b)  -> (artifact id: 'c6f3460857542fd6140826b01ee72cf8') in 0.010778 seconds 
========================================================================
Received Import Request.
  Time since last request: 2.802193 seconds.
  path: Assets/Prefabs/Screen.prefab
  artifactKey: Guid(b921c97ee041c9f4bb124c8ec6e0b5c3) Importer(815301076,1909f56bfc062723c751e8b465ee728b)
Start importing Assets/Prefabs/Screen.prefab using Guid(b921c97ee041c9f4bb124c8ec6e0b5c3) Importer(815301076,1909f56bfc062723c751e8b465ee728b)  -> (artifact id: '6b6dcd9d372ee7b7abd87cf4eeaaf445') in 0.011367 seconds 
========================================================================
Received Import Request.
  Time since last request: 9.372886 seconds.
  path: Assets/Prefabs/Screen.prefab
  artifactKey: Guid(b921c97ee041c9f4bb124c8ec6e0b5c3) Importer(815301076,1909f56bfc062723c751e8b465ee728b)
Start importing Assets/Prefabs/Screen.prefab using Guid(b921c97ee041c9f4bb124c8ec6e0b5c3) Importer(815301076,1909f56bfc062723c751e8b465ee728b)  -> (artifact id: 'f2bfedcdb11cbb71e88d221983f9f7a7') in 0.003416 seconds 
========================================================================
Received Import Request.
  Time since last request: 149.240423 seconds.
  path: Assets/Prefabs/Screen.prefab
  artifactKey: Guid(b921c97ee041c9f4bb124c8ec6e0b5c3) Importer(815301076,1909f56bfc062723c751e8b465ee728b)
Start importing Assets/Prefabs/Screen.prefab using Guid(b921c97ee041c9f4bb124c8ec6e0b5c3) Importer(815301076,1909f56bfc062723c751e8b465ee728b)  -> (artifact id: 'd4432ef25314f1a4c52728e49e6c8f00') in 0.012530 seconds 
========================================================================
Received Import Request.
  Time since last request: 2.795466 seconds.
  path: Assets/Prefabs/Screen.prefab
  artifactKey: Guid(b921c97ee041c9f4bb124c8ec6e0b5c3) Importer(815301076,1909f56bfc062723c751e8b465ee728b)
Start importing Assets/Prefabs/Screen.prefab using Guid(b921c97ee041c9f4bb124c8ec6e0b5c3) Importer(815301076,1909f56bfc062723c751e8b465ee728b)  -> (artifact id: '8f715176f1a0930e8420a99d7cfe4ce6') in 0.002777 seconds 
